#
# There is insufficient memory for the Java Runtime Environment to continue.
# Native memory allocation (mmap) failed to map 67108864 bytes. Error detail: G1 virtual space
# Possible reasons:
#   The system is out of physical RAM or swap space
#   This process is running with CompressedOops enabled, and the Java Heap may be blocking the growth of the native heap
# Possible solutions:
#   Reduce memory load on the system
#   Increase physical memory or swap space
#   Check if swap backing store is full
#   Decrease Java heap size (-Xmx/-Xms)
#   Decrease number of Java threads
#   Decrease Java thread stack sizes (-Xss)
#   Set larger code cache with -XX:ReservedCodeCacheSize=
#   JVM is running with Unscaled Compressed Oops mode in which the Java heap is
#     placed in the first 4GB address space. The Java Heap base address is the
#     maximum limit for the native heap growth. Please use -XX:HeapBaseMinAddress
#     to set the Java Heap base and to place the Java Heap above 4GB virtual address.
# This output file may be truncated or incomplete.
#
#  Out of Memory Error (os_windows.cpp:3710), pid=21184, tid=4904
#
# JRE version:  (17.0.16+8) (build )
# Java VM: OpenJDK 64-Bit Server VM (17.0.16+8-LTS, mixed mode, sharing, tiered, compressed oops, compressed class ptrs, g1 gc, windows-amd64)
# No core dump will be written. Minidumps are not enabled by default on client versions of Windows
#

---------------  S U M M A R Y ------------

Command Line: -Xmx64m -Xms64m -Dorg.gradle.appname=gradlew org.gradle.wrapper.GradleWrapperMain app:installDebug -PreactNativeDevServerPort=8081

Host: 12th Gen Intel(R) Core(TM) i5-12450H, 12 cores, 15G,  Windows 11 , 64 bit Build 26100 (10.0.26100.6725)
Time: Tue Oct 28 11:46:24 2025 India Standard Time elapsed time: 2.420170 seconds (0d 0h 0m 2s)

---------------  T H R E A D  ---------------

Current thread (0x00000180e12bdfc0):  JavaThread "Unknown thread" [_thread_in_vm, id=4904, stack(0x0000006908300000,0x0000006908400000)]

Stack: [0x0000006908300000,0x0000006908400000]
Native frames: (J=compiled Java code, j=interpreted, Vv=VM code, C=native code)
V  [jvm.dll+0x68ee19]
V  [jvm.dll+0x846249]
V  [jvm.dll+0x847fb8]
V  [jvm.dll+0x848643]
V  [jvm.dll+0x24cf6f]
V  [jvm.dll+0x68bde9]
V  [jvm.dll+0x6803aa]
V  [jvm.dll+0x30ffc0]
V  [jvm.dll+0x30fe62]
V  [jvm.dll+0x3173b9]
V  [jvm.dll+0x3695e9]
V  [jvm.dll+0x36981d]
V  [jvm.dll+0x2e683a]
V  [jvm.dll+0x2e7748]
V  [jvm.dll+0x8186fe]
V  [jvm.dll+0x377251]
V  [jvm.dll+0x7f6d45]
V  [jvm.dll+0x3fd00b]
V  [jvm.dll+0x3fec41]
C  [jli.dll+0x52f0]
C  [ucrtbase.dll+0x37b0]
C  [KERNEL32.DLL+0x2e8d7]
C  [ntdll.dll+0x8c53c]


---------------  P R O C E S S  ---------------

Threads class SMR info:
_java_thread_list=0x00007ffdb1cf7018, length=0, elements={
}

Java Threads: ( => current thread )

Other Threads:
  0x00000180e365eef0 GCTaskThread "GC Thread#0" [stack: 0x0000006908400000,0x0000006908500000] [id=15144]
  0x00000180e3660640 ConcurrentGCThread "G1 Main Marker" [stack: 0x0000006908500000,0x0000006908600000] [id=21364]
  0x00000180e3661d30 ConcurrentGCThread "G1 Conc#0" [stack: 0x0000006908600000,0x0000006908700000] [id=20104]

[error occurred during error reporting (printing all threads), id 0xc0000005, EXCEPTION_ACCESS_VIOLATION (0xc0000005) at pc=0x00007ffdb14a7307]

VM state: not at safepoint (not fully initialized)

VM Mutex/Monitor currently owned by a thread:  ([mutex/lock_event])
[0x00000180e12bc0d0] Heap_lock - owner thread: 0x00000180e12bdfc0

Heap address: 0x00000000fc000000, size: 64 MB, Compressed Oops mode: 32-bit

CDS archive(s) mapped at: [0x0000000000000000-0x0000000000000000-0x0000000000000000), size 0, SharedBaseAddress: 0x0000000800000000, ArchiveRelocationMode: 1.
Narrow klass base: 0x0000000000000000, Narrow klass shift: 0, Narrow klass range: 0x0

GC Precious Log:
<Empty>

Heap:
 garbage-first heap   total 0K, used 0K [0x00000000fc000000, 0x0000000100000000)
  region size 1024K, 0 young (0K), 0 survivors (0K)

[error occurred during error reporting (printing heap information), id 0xc0000005, EXCEPTION_ACCESS_VIOLATION (0xc0000005) at pc=0x00007ffdb1898979]

GC Heap History (0 events):
No events

Dll operation events (1 events):
Event: 0.006 Loaded shared library C:\Program Files\Microsoft\jdk-17.0.16.8-hotspot\bin\java.dll

Deoptimization events (0 events):
No events

Classes loaded (0 events):
No events

Classes unloaded (0 events):
No events

Classes redefined (0 events):
No events

Internal exceptions (0 events):
No events

VM Operations (0 events):
No events

Memory protections (0 events):
No events

Nmethod flushes (0 events):
No events

Events (0 events):
No events


Dynamic libraries:
0x00007ff75ef20000 - 0x00007ff75ef2e000 	C:\Program Files\Microsoft\jdk-17.0.16.8-hotspot\bin\java.exe
0x00007ffe5a580000 - 0x00007ffe5a7e8000 	C:\WINDOWS\SYSTEM32\ntdll.dll
0x00007ffe585d0000 - 0x00007ffe58699000 	C:\WINDOWS\System32\KERNEL32.DLL
0x00007ffe57d10000 - 0x00007ffe58102000 	C:\WINDOWS\System32\KERNELBASE.dll
0x00007ffe57bc0000 - 0x00007ffe57d0b000 	C:\WINDOWS\System32\ucrtbase.dll
0x00007ffe35a00000 - 0x00007ffe35a1e000 	C:\Program Files\Microsoft\jdk-17.0.16.8-hotspot\bin\VCRUNTIME140.dll
0x00007ffe4bfb0000 - 0x00007ffe4bfc8000 	C:\Program Files\Microsoft\jdk-17.0.16.8-hotspot\bin\jli.dll
0x00007ffe58400000 - 0x00007ffe585c5000 	C:\WINDOWS\System32\USER32.dll
0x00007ffe3a870000 - 0x00007ffe3ab03000 	C:\WINDOWS\WinSxS\amd64_microsoft.windows.common-controls_6595b64144ccf1df_6.0.26100.6725_none_3e085828e334708b\COMCTL32.dll
0x00007ffe57ae0000 - 0x00007ffe57b07000 	C:\WINDOWS\System32\win32u.dll
0x00007ffe5a360000 - 0x00007ffe5a409000 	C:\WINDOWS\System32\msvcrt.dll
0x00007ffe5a090000 - 0x00007ffe5a0bb000 	C:\WINDOWS\System32\GDI32.dll
0x00007ffe57710000 - 0x00007ffe5783d000 	C:\WINDOWS\System32\gdi32full.dll
0x00007ffe57b10000 - 0x00007ffe57bb3000 	C:\WINDOWS\System32\msvcp_win.dll
0x00007ffe59700000 - 0x00007ffe5972f000 	C:\WINDOWS\System32\IMM32.DLL
0x00007ffe4c640000 - 0x00007ffe4c64c000 	C:\Program Files\Microsoft\jdk-17.0.16.8-hotspot\bin\vcruntime140_1.dll
0x00007ffe18160000 - 0x00007ffe181e9000 	C:\Program Files\Microsoft\jdk-17.0.16.8-hotspot\bin\msvcp140.dll
0x00007ffdb11b0000 - 0x00007ffdb1e2a000 	C:\Program Files\Microsoft\jdk-17.0.16.8-hotspot\bin\server\jvm.dll
0x00007ffe59850000 - 0x00007ffe59904000 	C:\WINDOWS\System32\ADVAPI32.dll
0x00007ffe5a410000 - 0x00007ffe5a4b6000 	C:\WINDOWS\System32\sechost.dll
0x00007ffe586a0000 - 0x00007ffe587b8000 	C:\WINDOWS\System32\RPCRT4.dll
0x00007ffe593b0000 - 0x00007ffe59424000 	C:\WINDOWS\System32\WS2_32.dll
0x00007ffe49f70000 - 0x00007ffe49fa5000 	C:\WINDOWS\SYSTEM32\WINMM.dll
0x00007ffe56e90000 - 0x00007ffe56eee000 	C:\WINDOWS\SYSTEM32\POWRPROF.dll
0x00007ffe4cde0000 - 0x00007ffe4cdeb000 	C:\WINDOWS\SYSTEM32\VERSION.dll
0x00007ffe56e20000 - 0x00007ffe56e34000 	C:\WINDOWS\SYSTEM32\UMPDC.dll
0x00007ffe564e0000 - 0x00007ffe564fb000 	C:\WINDOWS\SYSTEM32\kernel.appcore.dll
0x00007ffe4c0f0000 - 0x00007ffe4c0fa000 	C:\Program Files\Microsoft\jdk-17.0.16.8-hotspot\bin\jimage.dll
0x00007ffe55010000 - 0x00007ffe55252000 	C:\WINDOWS\SYSTEM32\DBGHELP.DLL
0x00007ffe588a0000 - 0x00007ffe58c1b000 	C:\WINDOWS\System32\combase.dll
0x00007ffe59610000 - 0x00007ffe596e7000 	C:\WINDOWS\System32\OLEAUT32.dll
0x00007ffe37100000 - 0x00007ffe3713c000 	C:\WINDOWS\SYSTEM32\dbgcore.DLL
0x00007ffe578d0000 - 0x00007ffe57968000 	C:\WINDOWS\System32\bcryptPrimitives.dll
0x00007ffe4c0c0000 - 0x00007ffe4c0e6000 	C:\Program Files\Microsoft\jdk-17.0.16.8-hotspot\bin\java.dll

dbghelp: loaded successfully - version: 4.0.5 - missing functions: none
symbol engine: initialized successfully - sym options: 0x614 - pdb path: .;C:\Program Files\Microsoft\jdk-17.0.16.8-hotspot\bin;C:\WINDOWS\SYSTEM32;C:\WINDOWS\WinSxS\amd64_microsoft.windows.common-controls_6595b64144ccf1df_6.0.26100.6725_none_3e085828e334708b;C:\Program Files\Microsoft\jdk-17.0.16.8-hotspot\bin\server

VM Arguments:
jvm_args: -Xmx64m -Xms64m -Dorg.gradle.appname=gradlew 
java_command: org.gradle.wrapper.GradleWrapperMain app:installDebug -PreactNativeDevServerPort=8081
java_class_path (initial): D:\night\SakhiC\android\\gradle\wrapper\gradle-wrapper.jar
Launcher Type: SUN_STANDARD

[Global flags]
     intx CICompilerCount                          = 4                                         {product} {ergonomic}
     uint ConcGCThreads                            = 3                                         {product} {ergonomic}
     uint G1ConcRefinementThreads                  = 10                                        {product} {ergonomic}
   size_t G1HeapRegionSize                         = 1048576                                   {product} {ergonomic}
    uintx GCDrainStackTargetSize                   = 64                                        {product} {ergonomic}
   size_t InitialHeapSize                          = 67108864                                  {product} {command line}
   size_t MarkStackSize                            = 4194304                                   {product} {ergonomic}
   size_t MaxHeapSize                              = 67108864                                  {product} {command line}
   size_t MinHeapDeltaBytes                        = 1048576                                   {product} {ergonomic}
   size_t MinHeapSize                              = 67108864                                  {product} {command line}
    uintx NonNMethodCodeHeapSize                   = 5839372                                {pd product} {ergonomic}
    uintx NonProfiledCodeHeapSize                  = 122909434                              {pd product} {ergonomic}
    uintx ProfiledCodeHeapSize                     = 122909434                              {pd product} {ergonomic}
    uintx ReservedCodeCacheSize                    = 251658240                              {pd product} {ergonomic}
     bool SegmentedCodeCache                       = true                                      {product} {ergonomic}
   size_t SoftMaxHeapSize                          = 67108864                               {manageable} {ergonomic}
     bool UseCompressedClassPointers               = true                           {product lp64_product} {ergonomic}
     bool UseCompressedOops                        = true                           {product lp64_product} {ergonomic}
     bool UseG1GC                                  = true                                      {product} {ergonomic}
     bool UseLargePagesIndividualAllocation        = false                                  {pd product} {ergonomic}

Logging:
Log output configuration:
 #0: stdout all=warning uptime,level,tags
 #1: stderr all=off uptime,level,tags

Environment Variables:
JAVA_HOME=C:\Program Files\Microsoft\jdk-17.0.16.8-hotspot\
CLASSPATH=D:\night\SakhiC\android\\gradle\wrapper\gradle-wrapper.jar
PATH=D:\night\SakhiC\node_modules\.bin;D:\night\SakhiC\node_modules\.bin;D:\night\node_modules\.bin;D:\node_modules\.bin;C:\Program Files\nodejs\node_modules\npm\node_modules\@npmcli\run-script\lib\node-gyp-bin;D:\night\SakhiC\node_modules\.bin;D:\night\SakhiC\node_modules\.bin;D:\night\node_modules\.bin;D:\node_modules\.bin;C:\Program Files\nodejs\node_modules\npm\node_modules\@npmcli\run-script\lib\node-gyp-bin;C:\Program Files\Microsoft\jdk-17.0.16.8-hotspot\bin;C:\Program Files\Common Files\Oracle\Java\javapath;C:\Windows\system32;C:\Windows;C:\Windows\System32\Wbem;C:\Windows\System32\WindowsPowerShell\v1.0\;C:\Windows\System32\OpenSSH\;C:\Program Files (x86)\NVIDIA Corporation\PhysX\Common;C:\MinGW\bin;C:\ProgramData\chocolatey\bin;C:\Python27;C:\Program Files\MySQL;C:\Program Files\MySQL\MySQL Server 8.0;C:\WINDOWS\system32;C:\WINDOWS;C:\WINDOWS\System32\Wbem;C:\WINDOWS\System32\WindowsPowerShell\v1.0\;C:\WINDOWS\System32\OpenSSH\;C:\Program Files\dotnet\;C:\Program Files\PuTTY\;C:\Program Files\MongoDB\Server\8.0\bin;C:\Users\Hitesh Bhosale\AppData\Local\Programs\Python\Python310\;C:\Users\Hitesh Bhosale\AppData\Local\Programs\Python\Python310\Scripts\;C:\Program Files\Git\cmd;C:\Users\Hitesh Bhosale\AppData\Local\nvm;C:\nvm4w\nodejs;C:\Program Files\cursor\resources\app\bin;C:\Program Files\nodejs\;C:\Users\Hitesh Bhosale\AppData\Local\Programs\Python\Python310\Scripts\;C:\Users\Hitesh Bhosale\AppData\Local\Programs\Python\Python310\;C:\Program Files\MySQL\MySQL Shell 8.0\bin\;C:\Users\Hitesh Bhosale\AppData\Local\Microsoft\WindowsApps;C:\Users\Hitesh Bhosale\AppData\Local\Programs\Microsoft VS Code\bin;C:\MinGW\bin;C:\Program Files (x86)\Google\google_appengine\;C:\flutter\bin;C:\Users\Hitesh Bhosale\AppData\Roaming\Python\Python313\Scripts;C:\flutter_windows_3.35.4-stable\flutter\bin;D:\flutter\bin;C:\Users\Hitesh Bhosale\AppData\Local\nvm;C:\nvm4w\nodejs;C:\Users\Hitesh Bhosale\AppData\Local\Programs\Windsurf\bin;C:\Users\Hitesh Bhosale\AppData\Roaming\npm;C:\Users\Hitesh Bhosale\AppData\Local\Android\Sdk\platform-tools;
USERNAME=Hitesh Bhosale
LANG=en_US.UTF-8
OS=Windows_NT
PROCESSOR_IDENTIFIER=Intel64 Family 6 Model 154 Stepping 3, GenuineIntel
TMP=C:\Users\HITESH~1\AppData\Local\Temp
TEMP=C:\Users\HITESH~1\AppData\Local\Temp



Periodic native trim disabled


---------------  S Y S T E M  ---------------

OS:
 Windows 11 , 64 bit Build 26100 (10.0.26100.6725)
OS uptime: 0 days 2:20 hours
Hyper-V role detected

CPU: total 12 (initial active 12) (6 cores per cpu, 2 threads per core) family 6 model 154 stepping 3 microcode 0x419, cx8, cmov, fxsr, ht, mmx, 3dnowpref, sse, sse2, sse3, ssse3, sse4.1, sse4.2, popcnt, lzcnt, tsc, tscinvbit, avx, avx2, aes, erms, clmul, bmi1, bmi2, adx, sha, fma, vzeroupper, clflush, clflushopt, clwb, hv
Processor Information for processor 0
  Max Mhz: 2000, Current Mhz: 2000, Mhz Limit: 2000
Processor Information for processor 1
  Max Mhz: 2000, Current Mhz: 2000, Mhz Limit: 2000
Processor Information for processor 2
  Max Mhz: 2000, Current Mhz: 2000, Mhz Limit: 2000
Processor Information for processor 3
  Max Mhz: 2000, Current Mhz: 2000, Mhz Limit: 2000
Processor Information for processor 4
  Max Mhz: 2000, Current Mhz: 2000, Mhz Limit: 2000
Processor Information for processor 5
  Max Mhz: 2000, Current Mhz: 2000, Mhz Limit: 2000
Processor Information for processor 6
  Max Mhz: 2000, Current Mhz: 2000, Mhz Limit: 2000
Processor Information for processor 7
  Max Mhz: 2000, Current Mhz: 2000, Mhz Limit: 2000
Processor Information for processor 8
  Max Mhz: 2000, Current Mhz: 1500, Mhz Limit: 1500
Processor Information for processor 9
  Max Mhz: 2000, Current Mhz: 1500, Mhz Limit: 1500
Processor Information for processor 10
  Max Mhz: 2000, Current Mhz: 1500, Mhz Limit: 1500
Processor Information for processor 11
  Max Mhz: 2000, Current Mhz: 1500, Mhz Limit: 1500

Memory: 4k page, system-wide physical 16109M (2924M free)
TotalPageFile size 18157M (AvailPageFile size 88M)
current process WorkingSet (physical memory assigned to process): 12M, peak: 12M
current process commit charge ("private bytes"): 63M, peak: 127M

vm_info: OpenJDK 64-Bit Server VM (17.0.16+8-LTS) for windows-amd64 JRE (17.0.16+8-LTS), built on Jul 10 2025 00:24:24 by "MicrosoftCorporation" with unknown MS VC++:1944

END.
